<?xml version="1.0" encoding="UTF-8"?>
<!-- Generated by org.testng.reporters.JUnitReportReporter -->
<testsuite hostname="DESKTOP-9M4JE7O" failures="0" tests="1" name="com.March07.TestCases.Base_TestCase" time="15.376" errors="0" timestamp="2020-03-07T11:30:25 CST" skipped="0">
  <testcase classname="com.March07.TestCases.Base_TestCase" name="testOnly" time="15.376"/>
  <system-out/>
</testsuite> <!-- com.March07.TestCases.Base_TestCase -->
